<?xml version="1.0" encoding="UTF-8"?>
<!-- Generated by org.testng.reporters.JUnitXMLReporter -->
<testsuite ignored="1" hostname="MKSGROUP" failures="0" tests="1" name="Test1(failed)" time="29.402" errors="0" timestamp="2024-01-13T22:05:19 IST">
  <testcase classname="com.SwagLab.testScripts.ProductOrder" name="productOrder" time="19.957"/>
  <testcase classname="com.SwagLab.testScripts.ProductOrder" name="mroductCheck" time="0.0">
    <ignored/>
  </testcase> <!-- mroductCheck -->
</testsuite> <!-- Test1(failed) -->
