<?xml version="1.0" encoding="UTF-8"?>
<testng-results ignored="0" total="2" passed="2" failed="0" skipped="0">
  <reporter-output>
  </reporter-output>
  <suite started-at="2024-01-26T20:26:15 IST" name="Suite" finished-at="2024-01-26T20:27:27 IST" duration-ms="72794">
    <groups>
    </groups>
    <test started-at="2024-01-26T20:26:15 IST" name="Test" finished-at="2024-01-26T20:27:27 IST" duration-ms="72794">
      <class name="com.SwagLab.testScripts.AboutSwagLab">
        <test-method is-config="true" signature="openBrowser(java.lang.String)[pri:0, instance:com.SwagLab.testScripts.AboutSwagLab@6572421]" started-at="2024-01-26T20:27:00 IST" name="openBrowser" finished-at="2024-01-26T20:27:07 IST" duration-ms="6798" status="PASS">
          <params>
            <param index="0">
              <value>
                <![CDATA[firefox]]>
              </value>
            </param>
          </params>
          <reporter-output>
          </reporter-output>
        </test-method> <!-- openBrowser -->
        <test-method is-config="true" signature="logIn()[pri:0, instance:com.SwagLab.testScripts.AboutSwagLab@6572421]" started-at="2024-01-26T20:27:07 IST" name="logIn" finished-at="2024-01-26T20:27:10 IST" duration-ms="3348" status="PASS">
          <reporter-output>
          </reporter-output>
        </test-method> <!-- logIn -->
        <test-method signature="aboutSwag()[pri:0, instance:com.SwagLab.testScripts.AboutSwagLab@6572421]" started-at="2024-01-26T20:27:10 IST" name="aboutSwag" finished-at="2024-01-26T20:27:21 IST" duration-ms="11108" status="PASS">
          <reporter-output>
          </reporter-output>
        </test-method> <!-- aboutSwag -->
        <test-method is-config="true" signature="logOut()[pri:0, instance:com.SwagLab.testScripts.AboutSwagLab@6572421]" started-at="2024-01-26T20:27:21 IST" name="logOut" finished-at="2024-01-26T20:27:26 IST" duration-ms="4503" status="PASS">
          <reporter-output>
          </reporter-output>
        </test-method> <!-- logOut -->
        <test-method is-config="true" signature="closeBrowser()[pri:0, instance:com.SwagLab.testScripts.AboutSwagLab@6572421]" started-at="2024-01-26T20:27:26 IST" name="closeBrowser" finished-at="2024-01-26T20:27:27 IST" duration-ms="1856" status="PASS">
          <reporter-output>
          </reporter-output>
        </test-method> <!-- closeBrowser -->
      </class> <!-- com.SwagLab.testScripts.AboutSwagLab -->
      <class name="com.SwagLab.testScripts.ProductOrder">
        <test-method is-config="true" signature="openBrowser(java.lang.String)[pri:0, instance:com.SwagLab.testScripts.ProductOrder@294425a7]" started-at="2024-01-26T20:26:15 IST" name="openBrowser" finished-at="2024-01-26T20:26:22 IST" duration-ms="7069" status="PASS">
          <params>
            <param index="0">
              <value>
                <![CDATA[firefox]]>
              </value>
            </param>
          </params>
          <reporter-output>
          </reporter-output>
        </test-method> <!-- openBrowser -->
        <test-method is-config="true" signature="logIn()[pri:0, instance:com.SwagLab.testScripts.ProductOrder@294425a7]" started-at="2024-01-26T20:26:22 IST" name="logIn" finished-at="2024-01-26T20:26:26 IST" duration-ms="4364" status="PASS">
          <reporter-output>
          </reporter-output>
        </test-method> <!-- logIn -->
        <test-method signature="productOrder()[pri:0, instance:com.SwagLab.testScripts.ProductOrder@294425a7]" started-at="2024-01-26T20:26:26 IST" name="productOrder" finished-at="2024-01-26T20:26:54 IST" duration-ms="27789" status="PASS">
          <reporter-output>
          </reporter-output>
        </test-method> <!-- productOrder -->
        <test-method is-config="true" signature="logOut()[pri:0, instance:com.SwagLab.testScripts.ProductOrder@294425a7]" started-at="2024-01-26T20:26:54 IST" name="logOut" finished-at="2024-01-26T20:26:58 IST" duration-ms="4469" status="PASS">
          <reporter-output>
          </reporter-output>
        </test-method> <!-- logOut -->
        <test-method is-config="true" signature="closeBrowser()[pri:0, instance:com.SwagLab.testScripts.ProductOrder@294425a7]" started-at="2024-01-26T20:26:58 IST" name="closeBrowser" finished-at="2024-01-26T20:27:00 IST" duration-ms="1460" status="PASS">
          <reporter-output>
          </reporter-output>
        </test-method> <!-- closeBrowser -->
      </class> <!-- com.SwagLab.testScripts.ProductOrder -->
    </test> <!-- Test -->
  </suite> <!-- Suite -->
</testng-results>
